[2026-04-11T14:40:24.535144+00:00] logger.ERROR: foreach() argument must be of type array|object, string given [] []
[2026-04-11T14:40:24.539511+00:00] logger.ERROR:  > /var/www/html/PhpRepublic/app/views/admin/en/users/user_tokens.php :: 170 [] []
[2026-04-11T14:40:24.540928+00:00] logger.INFO: foreach() argument must be of type array|object, string given [] []
[2026-04-11T14:40:24.541030+00:00] logger.INFO:  > /var/www/html/PhpRepublic/app/views/admin/en/users/user_tokens.php :: 170 [] []
[2026-04-11T14:40:26.446154+00:00] logger.ERROR: foreach() argument must be of type array|object, string given [] []
[2026-04-11T14:40:26.447411+00:00] logger.ERROR:  > /var/www/html/PhpRepublic/app/views/admin/en/users/user_tokens.php :: 170 [] []
[2026-04-11T14:40:26.448338+00:00] logger.INFO: foreach() argument must be of type array|object, string given [] []
[2026-04-11T14:40:26.448404+00:00] logger.INFO:  > /var/www/html/PhpRepublic/app/views/admin/en/users/user_tokens.php :: 170 [] []
[2026-04-11T14:41:15.386735+00:00] logger.ERROR: foreach() argument must be of type array|object, string given [] []
[2026-04-11T14:41:15.388964+00:00] logger.ERROR:  > /var/www/html/PhpRepublic/app/views/admin/en/users/user_tokens.php :: 170 [] []
[2026-04-11T14:41:15.390181+00:00] logger.INFO: foreach() argument must be of type array|object, string given [] []
[2026-04-11T14:41:15.390253+00:00] logger.INFO:  > /var/www/html/PhpRepublic/app/views/admin/en/users/user_tokens.php :: 170 [] []
[2026-04-11T14:42:38.809751+00:00] logger.ERROR: foreach() argument must be of type array|object, string given [] []
[2026-04-11T14:42:38.811663+00:00] logger.ERROR:  > /var/www/html/PhpRepublic/app/views/admin/en/users/user_tokens.php :: 170 [] []
[2026-04-11T14:42:38.813229+00:00] logger.INFO: foreach() argument must be of type array|object, string given [] []
[2026-04-11T14:42:38.813286+00:00] logger.INFO:  > /var/www/html/PhpRepublic/app/views/admin/en/users/user_tokens.php :: 170 [] []
[2026-04-11T14:42:46.543127+00:00] logger.ERROR: foreach() argument must be of type array|object, string given [] []
[2026-04-11T14:42:46.545581+00:00] logger.ERROR:  > /var/www/html/PhpRepublic/app/views/admin/en/users/user_tokens.php :: 170 [] []
[2026-04-11T14:42:46.547027+00:00] logger.INFO: foreach() argument must be of type array|object, string given [] []
[2026-04-11T14:42:46.547138+00:00] logger.INFO:  > /var/www/html/PhpRepublic/app/views/admin/en/users/user_tokens.php :: 170 [] []
[2026-04-11T20:17:20.965976+00:00] logger.ERROR: Undefined variable $class [] []
[2026-04-11T20:17:20.967617+00:00] logger.ERROR:  > /var/www/html/PhpRepublic/src/Traits/ConsoleInput.php :: 22 [] []
[2026-04-11T20:17:20.968925+00:00] logger.INFO: Undefined variable $class [] []
[2026-04-11T20:17:20.968985+00:00] logger.INFO:  > /var/www/html/PhpRepublic/src/Traits/ConsoleInput.php :: 22 [] []
[2026-04-11T20:26:37.872949+00:00] logger.ERROR: Undefined variable $class [] []
[2026-04-11T20:26:37.874355+00:00] logger.ERROR:  > /var/www/html/PhpRepublic/src/Traits/ConsoleInput.php :: 31 [] []
[2026-04-11T20:26:37.875450+00:00] logger.INFO: Undefined variable $class [] []
[2026-04-11T20:26:37.875513+00:00] logger.INFO:  > /var/www/html/PhpRepublic/src/Traits/ConsoleInput.php :: 31 [] []
[2026-04-11T20:26:37.875656+00:00] logger.INFO: class_exists(): Passing null to parameter #1 ($class) of type string is deprecated [] []
[2026-04-11T20:26:37.875758+00:00] logger.INFO:  > /var/www/html/PhpRepublic/src/Traits/ConsoleInput.php :: 31 [] []
[2026-04-11T20:26:37.875817+00:00] logger.ERROR: Invalid cron config, missing class or method [] []
[2026-04-11T20:28:06.058048+00:00] logger.ERROR: Invalid cron operation [] []
[2026-04-12T12:09:44.826962+00:00] logger.INFO: substr(): Passing null to parameter #1 ($string) of type string is deprecated [] []
[2026-04-12T12:09:44.827782+00:00] logger.INFO:  > /var/www/html/PhpRepublic/src/Traits/ConsoleInput.php :: 84 [] []
[2026-04-12T12:11:22.076138+00:00] logger.INFO: substr(): Passing null to parameter #1 ($string) of type string is deprecated [] []
[2026-04-12T12:11:22.076368+00:00] logger.INFO:  > /var/www/html/PhpRepublic/src/Traits/ConsoleInput.php :: 87 [] []
[2026-04-12T12:12:35.412887+00:00] logger.INFO: substr(): Passing null to parameter #1 ($string) of type string is deprecated [] []
[2026-04-12T12:12:35.413120+00:00] logger.INFO:  > /var/www/html/PhpRepublic/src/Traits/ConsoleInput.php :: 84 [] []
[2026-04-12T12:12:50.017050+00:00] logger.INFO: substr(): Passing null to parameter #1 ($string) of type string is deprecated [] []
[2026-04-12T12:12:50.017262+00:00] logger.INFO:  > /var/www/html/PhpRepublic/src/Traits/ConsoleInput.php :: 84 [] []
[2026-04-12T12:13:13.898366+00:00] logger.INFO: substr(): Passing null to parameter #1 ($string) of type string is deprecated [] []
[2026-04-12T12:13:13.898606+00:00] logger.INFO:  > /var/www/html/PhpRepublic/src/Traits/ConsoleInput.php :: 84 [] []
[2026-04-12T12:13:22.058405+00:00] logger.INFO: substr(): Passing null to parameter #1 ($string) of type string is deprecated [] []
[2026-04-12T12:13:22.058665+00:00] logger.INFO:  > /var/www/html/PhpRepublic/src/Traits/ConsoleInput.php :: 84 [] []
[2026-04-12T12:13:56.705562+00:00] logger.INFO: substr(): Passing null to parameter #1 ($string) of type string is deprecated [] []
[2026-04-12T12:13:56.705771+00:00] logger.INFO:  > /var/www/html/PhpRepublic/src/Traits/ConsoleInput.php :: 84 [] []
[2026-04-12T12:14:39.884147+00:00] logger.INFO: substr(): Passing null to parameter #1 ($string) of type string is deprecated [] []
[2026-04-12T12:14:39.884370+00:00] logger.INFO:  > /var/www/html/PhpRepublic/src/Traits/ConsoleInput.php :: 84 [] []
[2026-04-12T12:14:57.237172+00:00] logger.INFO: substr(): Passing null to parameter #1 ($string) of type string is deprecated [] []
[2026-04-12T12:14:57.237398+00:00] logger.INFO:  > /var/www/html/PhpRepublic/src/Traits/ConsoleInput.php :: 84 [] []
[2026-04-12T12:16:05.272957+00:00] logger.INFO: substr(): Passing null to parameter #1 ($string) of type string is deprecated [] []
[2026-04-12T12:16:05.273172+00:00] logger.INFO:  > /var/www/html/PhpRepublic/src/Traits/ConsoleInput.php :: 84 [] []
[2026-04-12T17:01:50.910549+00:00] logger.ERROR: Invalid cron/console config, missing class or method [] []
[2026-04-12T17:02:47.072836+00:00] logger.ERROR: Invalid cron/console config, missing class or method [] []
[2026-04-12T18:26:43.942340+00:00] logger.ERROR: SQLSTATE[42S02]: Base table or view not found: 1146 Table 'php_republic.test_error' doesn't exist [] []
[2026-04-12T18:27:21.120066+00:00] logger.ERROR: SQLSTATE[42S02]: Base table or view not found: 1146 Table 'php_republic.user' doesn't exist [] []
[2026-04-12T18:27:21.121648+00:00] logger.ERROR: Undefined variable $tableStructure [] []
[2026-04-12T18:27:21.122906+00:00] logger.ERROR:  > /var/www/html/PhpRepublic/app/ConsoleCommands/Crud.php :: 60 [] []
[2026-04-12T18:27:21.124058+00:00] logger.INFO: Undefined variable $tableStructure [] []
[2026-04-12T18:27:21.124107+00:00] logger.INFO:  > /var/www/html/PhpRepublic/app/ConsoleCommands/Crud.php :: 60 [] []
[2026-04-13T12:11:40.809517+00:00] logger.ERROR: Invalid model call (no valid fetch mode) [] []
[2026-04-13T12:11:40.811752+00:00] logger.ERROR:  > /var/www/html/PhpRepublic/vendor/kris-ro/php-database-model/src/Model.php :: 120 [] []
[2026-04-13T12:11:40.812848+00:00] logger.INFO: Invalid model call (no valid fetch mode) [] []
[2026-04-13T12:11:40.812921+00:00] logger.INFO:  > /var/www/html/PhpRepublic/vendor/kris-ro/php-database-model/src/Model.php :: 120 [] []
[2026-04-13T12:11:40.813044+00:00] logger.ERROR: Undefined array key "" [] []
[2026-04-13T12:11:40.814378+00:00] logger.ERROR:  > /var/www/html/PhpRepublic/vendor/kris-ro/php-database-model/src/Model.php :: 123 [] []
[2026-04-13T12:11:40.815413+00:00] logger.INFO: Undefined array key "" [] []
[2026-04-13T12:11:40.815470+00:00] logger.INFO:  > /var/www/html/PhpRepublic/vendor/kris-ro/php-database-model/src/Model.php :: 123 [] []
[2026-04-13T12:11:40.815581+00:00] logger.INFO: PDOStatement::fetch(): Passing null to parameter #1 ($mode) of type int is deprecated [] []
[2026-04-13T12:11:40.815664+00:00] logger.INFO:  > /var/www/html/PhpRepublic/vendor/kris-ro/php-database-model/src/Database.php :: 188 [] []
[2026-04-16T17:36:42.293874+00:00] logger.ERROR: Invalid cron/console operation [] []
[2026-04-17T18:53:43.121932+00:00] logger.ERROR: Undefined array key "unsigned" [] []
[2026-04-17T18:53:43.123444+00:00] logger.ERROR:  > /var/www/html/PhpRepublic/app/ConsoleCommands/Crud/PostFile.php :: 136 [] []
[2026-04-17T18:53:43.124658+00:00] logger.INFO: Undefined array key "unsigned" [] []
[2026-04-17T18:53:43.124710+00:00] logger.INFO:  > /var/www/html/PhpRepublic/app/ConsoleCommands/Crud/PostFile.php :: 136 [] []
[2026-04-17T18:53:43.124830+00:00] logger.ERROR: Undefined array key "unsigned" [] []
[2026-04-17T18:53:43.126090+00:00] logger.ERROR:  > /var/www/html/PhpRepublic/app/ConsoleCommands/Crud/PostFile.php :: 140 [] []
[2026-04-17T18:53:43.127184+00:00] logger.INFO: Undefined array key "unsigned" [] []
[2026-04-17T18:53:43.127223+00:00] logger.INFO:  > /var/www/html/PhpRepublic/app/ConsoleCommands/Crud/PostFile.php :: 140 [] []
